<?xml version="1.0" encoding="UTF-8"?>
<testng-results ignored="0" total="1" passed="1" failed="0" skipped="0">
  <reporter-output>
  </reporter-output>
  <suite started-at="2019-05-26T18:49:12Z" name="Default suite" finished-at="2019-05-26T18:49:15Z" duration-ms="3634">
    <groups>
    </groups>
    <test started-at="2019-05-26T18:49:12Z" name="Default test" finished-at="2019-05-26T18:49:15Z" duration-ms="3634">
      <class name="SekeniumBasics.Class1">
        <test-method signature="firstMethod()[pri:0, instance:SekeniumBasics.Class1@f5958c9]" started-at="2019-05-26T18:49:12Z" name="firstMethod" finished-at="2019-05-26T18:49:15Z" duration-ms="3619" status="PASS">
          <reporter-output>
          </reporter-output>
        </test-method> <!-- firstMethod -->
      </class> <!-- SekeniumBasics.Class1 -->
    </test> <!-- Default test -->
  </suite> <!-- Default suite -->
</testng-results>
