<?xml version="1.0" encoding="UTF-8"?>
<testng-results ignored="0" total="2" passed="2" failed="0" skipped="0">
  <reporter-output>
  </reporter-output>
  <suite started-at="2019-06-02T20:48:46Z" name="Default suite" finished-at="2019-06-02T20:48:50Z" duration-ms="3883">
    <groups>
    </groups>
    <test started-at="2019-06-02T20:48:46Z" name="Default test" finished-at="2019-06-02T20:48:50Z" duration-ms="3883">
      <class name="SekeniumBasics.DifferentActions">
        <test-method signature="selectDropdown()[pri:0, instance:SekeniumBasics.DifferentActions@3eb738bb]" started-at="2019-06-02T20:48:46Z" name="selectDropdown" finished-at="2019-06-02T20:48:49Z" duration-ms="3355" status="PASS">
          <reporter-output>
          </reporter-output>
        </test-method> <!-- selectDropdown -->
        <test-method signature="typeTextBox()[pri:0, instance:SekeniumBasics.DifferentActions@3eb738bb]" started-at="2019-06-02T20:48:49Z" name="typeTextBox" finished-at="2019-06-02T20:48:50Z" duration-ms="511" status="PASS">
          <reporter-output>
          </reporter-output>
        </test-method> <!-- typeTextBox -->
      </class> <!-- SekeniumBasics.DifferentActions -->
    </test> <!-- Default test -->
  </suite> <!-- Default suite -->
</testng-results>
